c:\users\nick\documents\visual studio 2015\projects\pong\pong\debug\vc140.pdb
c:\users\nick\documents\visual studio 2015\projects\pong\pong\debug\vc140.idb
c:\users\nick\documents\visual studio 2015\projects\pong\pong\debug\ball.obj
c:\users\nick\documents\visual studio 2015\projects\pong\pong\debug\bitmapfont.obj
c:\users\nick\documents\visual studio 2015\projects\pong\pong\debug\entity.obj
c:\users\nick\documents\visual studio 2015\projects\pong\pong\debug\game.obj
c:\users\nick\documents\visual studio 2015\projects\pong\pong\debug\gameevents.obj
c:\users\nick\documents\visual studio 2015\projects\pong\pong\debug\main.obj
c:\users\nick\documents\visual studio 2015\projects\pong\pong\debug\paddle.obj
c:\users\nick\documents\visual studio 2015\projects\pong\pong\debug\textlabel.obj
c:\users\nick\documents\visual studio 2015\projects\pong\pong\debug\twoplayerscorekeeper.obj
c:\users\nick\documents\visual studio 2015\projects\pong\pong\debug\utils.obj
c:\users\nick\documents\visual studio 2015\projects\pong\debug\pong.ilk
c:\users\nick\documents\visual studio 2015\projects\pong\debug\pong.exe
c:\users\nick\documents\visual studio 2015\projects\pong\debug\pong.pdb
c:\users\nick\documents\visual studio 2015\projects\pong\pong\debug\pong.tlog\cl.command.1.tlog
c:\users\nick\documents\visual studio 2015\projects\pong\pong\debug\pong.tlog\cl.read.1.tlog
c:\users\nick\documents\visual studio 2015\projects\pong\pong\debug\pong.tlog\cl.write.1.tlog
c:\users\nick\documents\visual studio 2015\projects\pong\pong\debug\pong.tlog\link.command.1.tlog
c:\users\nick\documents\visual studio 2015\projects\pong\pong\debug\pong.tlog\link.read.1.tlog
c:\users\nick\documents\visual studio 2015\projects\pong\pong\debug\pong.tlog\link.write.1.tlog
